<?xml version="1.0" encoding="UTF-8"?>
<!-- Generated by org.testng.reporters.JUnitXMLReporter -->
<testsuite ignored="1" hostname="swathi" failures="0" tests="1" name="Test" time="36.199" errors="0" timestamp="2023-06-16T15:41:26 IST">
  <testcase classname="vtiger.OrganizationsTests.CreateNewOrganizationWithDropDownWithBaseClassTest" name="createOrganizatioWithDropDowns" time="18.718"/>
  <testcase classname="vtiger.OrganizationsTests.CreateNewOrganizationWithDropDownWithBaseClassTest" name="demo" time="0.0">
    <ignored/>
  </testcase> <!-- demo -->
</testsuite> <!-- Test -->
