<?xml version="1.0" encoding="UTF-8"?>
<!-- Generated by org.testng.reporters.JUnitXMLReporter -->
<testsuite ignored="12" hostname="swathi" failures="1" tests="7" name="Test" time="151.489" errors="0" timestamp="2023-06-08T19:21:02 IST">
  <testcase classname="vtiger.OrganizationsTests.CeateOrganizationWithBaseClassTest" name="createOrg" time="18.517"/>
  <testcase classname="vtiger.CampaignTests.CreateCamapaignWithProductWithBaseClassTest" name="createCampaignWithProduct" time="18.86"/>
  <testcase classname="vtiger.contactsTests.CreateContactWithBaseClassTest" name="createContact" time="9.035"/>
  <testcase classname="vtiger.contactsTests.CreateContactWithOrganizationWithBaseClassTest" name="createContactWithOrg" time="17.475"/>
  <testcase classname="vtiger.OrganizationsTests.CreateNewOrganizationWithDropDownWithBaseClassTest" name="createOrganizatioWithDropDowns" time="5.894">
    <failure type="java.lang.AssertionError" message="null">
      <![CDATA[java.lang.AssertionError: null
at vtiger.OrganizationsTests.CreateNewOrganizationWithDropDownWithBaseClassTest.createOrganizatioWithDropDowns(CreateNewOrganizationWithDropDownWithBaseClassTest.java:53)
at java.base/java.util.ArrayList.forEach(ArrayList.java:1511)
... Removed 29 stack frames]]>
    </failure>
  </testcase> <!-- createOrganizatioWithDropDowns -->
  <testcase classname="vtiger.OpportunityTests.CreateOpportunityWithContactBaseClassTest" name="createOpportunityWithContact" time="16.986"/>
  <testcase classname="vtiger.ProductsTests.CreateProductWithGLAccountWithBaseClassTest" name="createProduct" time="14.457"/>
  <testcase classname="genericUtilities.BaseClass" name="@AfterSuite asConfig" time="0.0">
    <ignored/>
  </testcase> <!-- @AfterSuite asConfig -->
  <testcase classname="genericUtilities.BaseClass" name="@AfterSuite asConfig" time="0.0">
    <ignored/>
  </testcase> <!-- @AfterSuite asConfig -->
  <testcase classname="genericUtilities.BaseClass" name="@AfterSuite asConfig" time="0.0">
    <ignored/>
  </testcase> <!-- @AfterSuite asConfig -->
  <testcase classname="genericUtilities.BaseClass" name="@AfterSuite asConfig" time="0.0">
    <ignored/>
  </testcase> <!-- @AfterSuite asConfig -->
  <testcase classname="genericUtilities.BaseClass" name="@AfterSuite asConfig" time="0.0">
    <ignored/>
  </testcase> <!-- @AfterSuite asConfig -->
  <testcase classname="genericUtilities.BaseClass" name="@AfterSuite asConfig" time="0.0">
    <ignored/>
  </testcase> <!-- @AfterSuite asConfig -->
  <testcase classname="genericUtilities.BaseClass" name="@BeforeSuite bsConfig" time="0.0">
    <ignored/>
  </testcase> <!-- @BeforeSuite bsConfig -->
  <testcase classname="genericUtilities.BaseClass" name="@BeforeSuite bsConfig" time="0.0">
    <ignored/>
  </testcase> <!-- @BeforeSuite bsConfig -->
  <testcase classname="genericUtilities.BaseClass" name="@BeforeSuite bsConfig" time="0.0">
    <ignored/>
  </testcase> <!-- @BeforeSuite bsConfig -->
  <testcase classname="genericUtilities.BaseClass" name="@BeforeSuite bsConfig" time="0.0">
    <ignored/>
  </testcase> <!-- @BeforeSuite bsConfig -->
  <testcase classname="genericUtilities.BaseClass" name="@BeforeSuite bsConfig" time="0.0">
    <ignored/>
  </testcase> <!-- @BeforeSuite bsConfig -->
  <testcase classname="genericUtilities.BaseClass" name="@BeforeSuite bsConfig" time="0.0">
    <ignored/>
  </testcase> <!-- @BeforeSuite bsConfig -->
</testsuite> <!-- Test -->
