<?xml version="1.0" encoding="UTF-8"?>
<testng-results ignored="1" total="2" passed="1" failed="0" skipped="0">
  <reporter-output>
    <line>
      <![CDATA[Navigated to Organizations link]]>
    </line>
    <line>
      <![CDATA[Clicked on Create Organization look Up Image]]>
    </line>
    <line>
      <![CDATA[Created Organization with Mandatory fields]]>
    </line>
  </reporter-output>
  <suite started-at="2023-06-16T15:40:49 IST" name="Suite" finished-at="2023-06-16T15:41:25 IST" duration-ms="36199">
    <groups>
      <group name="SmokeSuite">
        <method signature="CreateNewOrganizationWithDropDownWithBaseClassTest.createOrganizatioWithDropDowns()[pri:0, instance:vtiger.OrganizationsTests.CreateNewOrganizationWithDropDownWithBaseClassTest@7205765b]" name="createOrganizatioWithDropDowns" class="vtiger.OrganizationsTests.CreateNewOrganizationWithDropDownWithBaseClassTest"/>
      </group> <!-- SmokeSuite -->
    </groups>
    <test started-at="2023-06-16T15:40:49 IST" name="Test" finished-at="2023-06-16T15:41:25 IST" duration-ms="36199">
      <class name="vtiger.OrganizationsTests.CreateNewOrganizationWithDropDownWithBaseClassTest">
        <test-method is-config="true" signature="bsConfig()[pri:0, instance:vtiger.OrganizationsTests.CreateNewOrganizationWithDropDownWithBaseClassTest@7205765b]" started-at="2023-06-16T15:40:49 IST" name="bsConfig" finished-at="2023-06-16T15:40:49 IST" duration-ms="13" status="PASS">
          <reporter-output>
          </reporter-output>
        </test-method> <!-- bsConfig -->
        <test-method is-config="true" signature="bcConfig()[pri:0, instance:vtiger.OrganizationsTests.CreateNewOrganizationWithDropDownWithBaseClassTest@7205765b]" started-at="2023-06-16T15:40:50 IST" name="bcConfig" finished-at="2023-06-16T15:40:59 IST" duration-ms="9100" status="PASS">
          <reporter-output>
          </reporter-output>
        </test-method> <!-- bcConfig -->
        <test-method is-config="true" signature="bmConfig()[pri:0, instance:vtiger.OrganizationsTests.CreateNewOrganizationWithDropDownWithBaseClassTest@7205765b]" started-at="2023-06-16T15:40:59 IST" name="bmConfig" finished-at="2023-06-16T15:41:05 IST" duration-ms="6182" status="PASS">
          <reporter-output>
          </reporter-output>
        </test-method> <!-- bmConfig -->
        <test-method signature="createOrganizatioWithDropDowns()[pri:0, instance:vtiger.OrganizationsTests.CreateNewOrganizationWithDropDownWithBaseClassTest@7205765b]" started-at="2023-06-16T15:41:05 IST" name="createOrganizatioWithDropDowns" finished-at="2023-06-16T15:41:24 IST" duration-ms="18718" status="PASS">
          <reporter-output>
            <line>
              <![CDATA[Navigated to Organizations link]]>
            </line>
            <line>
              <![CDATA[Clicked on Create Organization look Up Image]]>
            </line>
            <line>
              <![CDATA[Created Organization with Mandatory fields]]>
            </line>
          </reporter-output>
        </test-method> <!-- createOrganizatioWithDropDowns -->
        <test-method is-config="true" signature="amConfig()[pri:0, instance:vtiger.OrganizationsTests.CreateNewOrganizationWithDropDownWithBaseClassTest@7205765b]" started-at="2023-06-16T15:41:24 IST" name="amConfig" finished-at="2023-06-16T15:41:25 IST" duration-ms="1626" status="PASS">
          <reporter-output>
          </reporter-output>
        </test-method> <!-- amConfig -->
        <test-method is-config="true" signature="acConfig()[pri:0, instance:vtiger.OrganizationsTests.CreateNewOrganizationWithDropDownWithBaseClassTest@7205765b]" started-at="2023-06-16T15:41:25 IST" name="acConfig" finished-at="2023-06-16T15:41:25 IST" duration-ms="207" status="PASS">
          <reporter-output>
          </reporter-output>
        </test-method> <!-- acConfig -->
        <test-method is-config="true" signature="asConfig()[pri:0, instance:vtiger.OrganizationsTests.CreateNewOrganizationWithDropDownWithBaseClassTest@7205765b]" started-at="2023-06-16T15:41:26 IST" name="asConfig" finished-at="2023-06-16T15:41:26 IST" duration-ms="0" status="PASS">
          <reporter-output>
          </reporter-output>
        </test-method> <!-- asConfig -->
      </class> <!-- vtiger.OrganizationsTests.CreateNewOrganizationWithDropDownWithBaseClassTest -->
    </test> <!-- Test -->
  </suite> <!-- Suite -->
</testng-results>
