<?xml version="1.0" encoding="UTF-8"?>
<testng-results ignored="0" total="1" passed="1" failed="0" skipped="0">
  <reporter-output>
  </reporter-output>
  <suite started-at="2023-06-16T16:12:21 IST" name="Suite" finished-at="2023-06-16T16:12:52 IST" duration-ms="30954">
    <groups>
      <group name="RegressionSuite">
        <method signature="CreateContactWithOrganizationWithBaseClassTest.createContactWithOrg()[pri:0, instance:vtiger.contactsTests.CreateContactWithOrganizationWithBaseClassTest@2b91004a]" name="createContactWithOrg" class="vtiger.contactsTests.CreateContactWithOrganizationWithBaseClassTest"/>
      </group> <!-- RegressionSuite -->
    </groups>
    <test started-at="2023-06-16T16:12:21 IST" name="Test" finished-at="2023-06-16T16:12:52 IST" duration-ms="30954">
      <class name="vtiger.contactsTests.CreateContactWithOrganizationWithBaseClassTest">
        <test-method is-config="true" signature="bsConfig()[pri:0, instance:vtiger.contactsTests.CreateContactWithOrganizationWithBaseClassTest@2b91004a]" started-at="2023-06-16T16:12:21 IST" name="bsConfig" finished-at="2023-06-16T16:12:21 IST" duration-ms="8" status="PASS">
          <reporter-output>
          </reporter-output>
        </test-method> <!-- bsConfig -->
        <test-method is-config="true" signature="bcConfig()[pri:0, instance:vtiger.contactsTests.CreateContactWithOrganizationWithBaseClassTest@2b91004a]" started-at="2023-06-16T16:12:21 IST" name="bcConfig" finished-at="2023-06-16T16:12:27 IST" duration-ms="5810" status="PASS">
          <reporter-output>
          </reporter-output>
        </test-method> <!-- bcConfig -->
        <test-method is-config="true" signature="bmConfig()[pri:0, instance:vtiger.contactsTests.CreateContactWithOrganizationWithBaseClassTest@2b91004a]" started-at="2023-06-16T16:12:27 IST" name="bmConfig" finished-at="2023-06-16T16:12:30 IST" duration-ms="2678" status="PASS">
          <reporter-output>
          </reporter-output>
        </test-method> <!-- bmConfig -->
        <test-method signature="createContactWithOrg()[pri:0, instance:vtiger.contactsTests.CreateContactWithOrganizationWithBaseClassTest@2b91004a]" started-at="2023-06-16T16:12:30 IST" name="createContactWithOrg" finished-at="2023-06-16T16:12:50 IST" duration-ms="20152" status="PASS">
          <reporter-output>
          </reporter-output>
        </test-method> <!-- createContactWithOrg -->
        <test-method is-config="true" signature="amConfig()[pri:0, instance:vtiger.contactsTests.CreateContactWithOrganizationWithBaseClassTest@2b91004a]" started-at="2023-06-16T16:12:50 IST" name="amConfig" finished-at="2023-06-16T16:12:51 IST" duration-ms="1334" status="PASS">
          <reporter-output>
          </reporter-output>
        </test-method> <!-- amConfig -->
        <test-method is-config="true" signature="acConfig()[pri:0, instance:vtiger.contactsTests.CreateContactWithOrganizationWithBaseClassTest@2b91004a]" started-at="2023-06-16T16:12:51 IST" name="acConfig" finished-at="2023-06-16T16:12:52 IST" duration-ms="948" status="PASS">
          <reporter-output>
          </reporter-output>
        </test-method> <!-- acConfig -->
        <test-method is-config="true" signature="asConfig()[pri:0, instance:vtiger.contactsTests.CreateContactWithOrganizationWithBaseClassTest@2b91004a]" started-at="2023-06-16T16:12:52 IST" name="asConfig" finished-at="2023-06-16T16:12:52 IST" duration-ms="0" status="PASS">
          <reporter-output>
          </reporter-output>
        </test-method> <!-- asConfig -->
      </class> <!-- vtiger.contactsTests.CreateContactWithOrganizationWithBaseClassTest -->
    </test> <!-- Test -->
  </suite> <!-- Suite -->
</testng-results>
